<?xml version="1.0" encoding="UTF-8"?>
<!-- Generated by org.testng.reporters.JUnitReportReporter -->
<testsuite skipped="6" hostname="QTPSVR-2" name="CampaignConsultationNotes" tests="7" failures="0" timestamp="22 May 2018 06:34:04 GMT" time="116.804" errors="0">
  <testcase name="impressionCN" time="116.804" classname="CampaignConsultationNotes"/>
  <testcase name="cc" classname="CampaignConsultationNotes">
    <skipped/>
  </testcase> <!-- cc -->
  <testcase name="hnpTestCases" classname="CampaignConsultationNotes">
    <skipped/>
  </testcase> <!-- hnpTestCases -->
  <testcase name="ccCNTestCases" classname="CampaignConsultationNotes">
    <skipped/>
  </testcase> <!-- ccCNTestCases -->
  <testcase name="concludingStatement" classname="CampaignConsultationNotes">
    <skipped/>
  </testcase> <!-- concludingStatement -->
  <testcase name="recommendationTestCases" classname="CampaignConsultationNotes">
    <skipped/>
  </testcase> <!-- recommendationTestCases -->
  <testcase name="getHnPData" classname="CampaignConsultationNotes">
    <skipped/>
  </testcase> <!-- getHnPData -->
</testsuite> <!-- CampaignConsultationNotes -->
