<?xml version="1.0" encoding="UTF-8"?>
<!-- Generated by org.testng.reporters.JUnitReportReporter -->
<testsuite skipped="0" hostname="QTPSVR-2" name="CampaignLogin" tests="1" failures="0" timestamp="07 Aug 2018 11:22:22 GMT" time="14.031" errors="0">
  <testcase name="LoginTest" time="14.031" classname="CampaignLogin"/>
</testsuite> <!-- CampaignLogin -->
