<?xml version="1.0" encoding="UTF-8"?>
<!-- Generated by org.testng.reporters.JUnitReportReporter -->
<testsuite skipped="2" hostname="QTPSVR-2" name="CampaignFlowsheets" tests="2" failures="0" timestamp="06 Jul 2018 09:21:12 GMT" time="0.000" errors="0">
  <testcase name="VerifyIntakeOutputFlowsheet" time="0.000" classname="CampaignFlowsheets">
    <skipped/>
  </testcase> <!-- VerifyIntakeOutputFlowsheet -->
  <testcase name="VerifyPupilResponseFlowsheet" time="0.000" classname="CampaignFlowsheets">
    <skipped/>
  </testcase> <!-- VerifyPupilResponseFlowsheet -->
</testsuite> <!-- CampaignFlowsheets -->
