<?xml version="1.0" encoding="UTF-8"?>
<!-- Generated by org.testng.reporters.JUnitReportReporter -->
<testsuite skipped="0" hostname="QTPSVR-2" name="CampaignPatientAssessmentPlus" tests="1" failures="0" timestamp="17 Jul 2018 08:51:32 GMT" time="177.802" errors="0">
  <testcase name="VerifyPatientAssessmentPlus" time="177.802" classname="CampaignPatientAssessmentPlus"/>
</testsuite> <!-- CampaignPatientAssessmentPlus -->
