<?xml version="1.0" encoding="UTF-8"?>
<!-- Generated by org.testng.reporters.JUnitReportReporter -->
<testsuite skipped="0" hostname="QTPSVR-2" name="CampaignMPIHistoryNotesMaintenace" tests="1" failures="0" timestamp="07 Aug 2018 11:22:22 GMT" time="165.763" errors="0">
  <testcase name="allergies" time="165.763" classname="CampaignMPIHistoryNotesMaintenace"/>
</testsuite> <!-- CampaignMPIHistoryNotesMaintenace -->
